===== BUILD INFO =====
Run ID:       29382421986
Commit SHA:   2e58be3a3fcced35dbecffa8d41ebae147016a60
Ref:          refs/heads/main
Triggered by: inscope-labs
Timestamp:    2026-07-15T01:45:52Z
versionCode:  2
versionName:  1.0
=======================

To honour the JVM settings for this build a single-use Daemon process will be forked. For more on this, please refer to https://docs.gradle.org/9.6.1/userguide/gradle_daemon.html#sec:disabling_the_daemon in the Gradle documentation.
Daemon will be stopped at the end of the build 
Calculating task graph as no cached configuration is available for tasks: :app:assembleDebug

> Configure project :app
WARNING: Accessing value buildConfigFields in variant debug has no effect as the feature buildConfig is disabled.
WARNING: Accessing value buildConfigFields in variant release has no effect as the feature buildConfig is disabled.

> Task :app:preBuild UP-TO-DATE
> Task :core:audit:preBuild UP-TO-DATE
> Task :core:keystore:preBuild UP-TO-DATE
> Task :app:preDebugBuild UP-TO-DATE
> Task :core:keystore:preDebugBuild UP-TO-DATE
> Task :core:audit:preDebugBuild UP-TO-DATE
> Task :app:mergeDebugNativeDebugMetadata NO-SOURCE
> Task :app:generateDebugResources UP-TO-DATE
> Task :core:audit:processDebugNavigationResources UP-TO-DATE
> Task :core:keystore:processDebugNavigationResources UP-TO-DATE
> Task :app:processDebugGoogleServices UP-TO-DATE
> Task :core:audit:generateDebugResources UP-TO-DATE
> Task :core:keystore:generateDebugResources UP-TO-DATE
> Task :core:keystore:packageDebugResources UP-TO-DATE
> Task :app:packageDebugResources UP-TO-DATE
> Task :core:audit:packageDebugResources UP-TO-DATE
> Task :core:keystore:javaPreCompileDebug UP-TO-DATE
> Task :core:audit:javaPreCompileDebug UP-TO-DATE
> Task :core:audit:parseDebugLocalResources UP-TO-DATE
> Task :core:keystore:parseDebugLocalResources UP-TO-DATE
> Task :app:javaPreCompileDebug UP-TO-DATE
> Task :app:generateDebugAssets UP-TO-DATE
> Task :core:audit:generateDebugAssets UP-TO-DATE
> Task :core:audit:generateDebugRFile UP-TO-DATE
> Task :core:keystore:generateDebugAssets UP-TO-DATE
> Task :core:keystore:generateDebugRFile UP-TO-DATE
> Task :core:audit:mergeDebugAssets UP-TO-DATE
> Task :core:keystore:mergeDebugAssets UP-TO-DATE
> Task :core:keystore:compileDebugKotlin UP-TO-DATE
> Task :core:keystore:compileDebugJavaWithJavac NO-SOURCE
> Task :core:keystore:bundleLibCompileToJarDebug UP-TO-DATE
> Task :core:audit:compileDebugKotlin NO-SOURCE
> Task :core:audit:compileDebugJavaWithJavac NO-SOURCE
> Task :core:audit:bundleLibCompileToJarDebug UP-TO-DATE
> Task :app:kspDebugKotlin SKIPPED
> Task :core:audit:processDebugJavaRes NO-SOURCE
> Task :core:keystore:processDebugJavaRes UP-TO-DATE
> Task :app:processDebugNavigationResources UP-TO-DATE
> Task :app:parseDebugLocalResources UP-TO-DATE
> Task :app:generateDebugRFile UP-TO-DATE
> Task :app:desugarDebugFileDependencies FROM-CACHE
> Task :app:checkDebugDuplicateClasses
> Task :core:audit:bundleLibRuntimeToDirDebug
> Task :app:mergeDebugAssets
> Task :app:compressDebugAssets FROM-CACHE
> Task :core:keystore:bundleLibRuntimeToDirDebug
> Task :core:audit:writeDebugAarMetadata UP-TO-DATE
> Task :core:keystore:writeDebugAarMetadata UP-TO-DATE
> Task :app:compileDebugKotlin UP-TO-DATE
> Task :app:compileDebugJavaWithJavac NO-SOURCE
> Task :app:processDebugJavaRes UP-TO-DATE
> Task :app:checkDebugAarMetadata UP-TO-DATE
> Task :app:mapDebugSourceSetPaths UP-TO-DATE
> Task :app:compileDebugNavigationResources UP-TO-DATE
> Task :app:mergeExtDexDebug FROM-CACHE
> Task :app:createDebugCompatibleScreenManifests UP-TO-DATE
> Task :app:mergeDebugResources UP-TO-DATE
> Task :app:extractDeepLinksDebug UP-TO-DATE
> Task :core:audit:extractDeepLinksDebug UP-TO-DATE
> Task :core:keystore:extractDeepLinksDebug UP-TO-DATE
> Task :core:audit:processDebugManifest UP-TO-DATE
> Task :core:audit:mapDebugSourceSetPaths UP-TO-DATE
> Task :core:keystore:processDebugManifest UP-TO-DATE
> Task :core:audit:compileDebugLibraryResources UP-TO-DATE
> Task :core:keystore:mapDebugSourceSetPaths UP-TO-DATE
> Task :core:keystore:compileDebugLibraryResources UP-TO-DATE
> Task :app:mergeDebugJniLibFolders
> Task :core:audit:mergeDebugJniLibFolders UP-TO-DATE
> Task :core:audit:mergeDebugNativeLibs NO-SOURCE
> Task :core:audit:copyDebugJniLibsProjectOnly
> Task :core:keystore:mergeDebugJniLibFolders UP-TO-DATE
> Task :core:keystore:mergeDebugNativeLibs NO-SOURCE
> Task :core:keystore:copyDebugJniLibsProjectOnly
> Task :app:processDebugMainManifest UP-TO-DATE
> Task :app:processDebugManifest UP-TO-DATE
> Task :app:processDebugManifestForPackage UP-TO-DATE
> Task :app:mergeDebugNativeLibs NO-SOURCE
> Task :app:stripDebugDebugSymbols NO-SOURCE
> Task :app:processDebugResources UP-TO-DATE
> Task :app:mergeDebugJavaResource
> Task :app:writeDebugAppMetadata
> Task :app:writeDebugSigningConfigVersions
> Task :app:mergeLibDexDebug
> Task :app:validateSigningDebug
> Task :app:dexBuilderDebug
> Task :app:mergeProjectDexDebug
> Task :app:packageDebug
> Task :app:assembleDebug
> Task :app:createDebugApkListingFileRedirect
gradle/actions: Writing build results to /home/runner/work/_temp/.gradle-actions/build-results/__run_7-1784080042075.json

[Incubating] Problems report is available at: file:///home/runner/work/abx-server/abx-server/build/reports/problems/problems-report.html

Deprecated Gradle features were used in this build, making it incompatible with Gradle 10.

You can use '--warning-mode all' to show the individual deprecation warnings and determine if they come from your own scripts or plugins.

For more on this, please refer to https://docs.gradle.org/9.6.1/userguide/command_line_interface.html#sec:command_line_warnings in the Gradle documentation.

BUILD SUCCESSFUL in 15s
68 actionable tasks: 16 executed, 3 from cache, 49 up-to-date
Configuration cache entry stored.

===== WARNING/ERROR SUMMARY =====
None found.
