To honour the JVM settings for this build a single-use Daemon process will be forked. For more on this, please refer to https://docs.gradle.org/9.6.1/userguide/gradle_daemon.html#sec:disabling_the_daemon in the Gradle documentation.
Daemon will be stopped at the end of the build 
Calculating task graph as no cached configuration is available for tasks: :app:assembleDebug

> Configure project :app
WARNING: Accessing value buildConfigFields in variant debug has no effect as the feature buildConfig is disabled.
WARNING: Accessing value buildConfigFields in variant release has no effect as the feature buildConfig is disabled.

> Task :app:generateDebugAssets UP-TO-DATE
> Task :app:preBuild UP-TO-DATE
> Task :app:kspDebugKotlin SKIPPED
> Task :app:preDebugBuild UP-TO-DATE
> Task :app:mergeDebugNativeDebugMetadata NO-SOURCE
> Task :app:generateDebugResources
> Task :app:javaPreCompileDebug FROM-CACHE
> Task :app:processDebugGoogleServices FROM-CACHE
> Task :app:processDebugNavigationResources
> Task :app:desugarDebugFileDependencies FROM-CACHE
> Task :app:checkDebugAarMetadata
> Task :app:checkDebugDuplicateClasses
> Task :app:mapDebugSourceSetPaths
> Task :app:mergeLibDexDebug FROM-CACHE
> Task :app:compileDebugNavigationResources FROM-CACHE
> Task :app:mergeDebugAssets
> Task :app:compressDebugAssets FROM-CACHE
> Task :app:createDebugCompatibleScreenManifests
> Task :app:extractDeepLinksDebug FROM-CACHE
> Task :app:packageDebugResources
> Task :app:mergeExtDexDebug FROM-CACHE
> Task :app:mergeDebugJniLibFolders
> Task :app:processDebugMainManifest
> Task :app:processDebugManifest
> Task :app:mergeDebugNativeLibs NO-SOURCE
> Task :app:stripDebugDebugSymbols NO-SOURCE
> Task :app:processDebugManifestForPackage
> Task :app:writeDebugAppMetadata
> Task :app:writeDebugSigningConfigVersions
> Task :app:mergeDebugResources
> Task :app:parseDebugLocalResources
> Task :app:generateDebugRFile
> Task :app:processDebugResources
> Task :app:validateSigningDebug
> Task :app:compileDebugKotlin
> Task :app:compileDebugJavaWithJavac NO-SOURCE
> Task :app:processDebugJavaRes
> Task :app:mergeDebugJavaResource
> Task :app:dexBuilderDebug
> Task :app:mergeProjectDexDebug
> Task :app:packageDebug
> Task :app:assembleDebug
> Task :app:createDebugApkListingFileRedirect
gradle/actions: Writing build results to /home/runner/work/_temp/.gradle-actions/build-results/__run-1784059576193.json

[Incubating] Problems report is available at: file:///home/runner/work/abx-server/abx-server/build/reports/problems/problems-report.html

Deprecated Gradle features were used in this build, making it incompatible with Gradle 10.

You can use '--warning-mode all' to show the individual deprecation warnings and determine if they come from your own scripts or plugins.

For more on this, please refer to https://docs.gradle.org/9.6.1/userguide/command_line_interface.html#sec:command_line_warnings in the Gradle documentation.

BUILD SUCCESSFUL in 28s
34 actionable tasks: 26 executed, 8 from cache
Configuration cache entry stored.

===== WARNING/ERROR SUMMARY =====
None found.
