===== BUILD INFO =====
Run ID:       29405999582
Commit SHA:   df0bd03dc286f7c91ac72df959e158c1bf893b9d
Ref:          refs/heads/main
Triggered by: inscope-labs
Timestamp:    2026-07-15T09:51:05Z
versionCode:  3
versionName:  1.0
=======================

To honour the JVM settings for this build a single-use Daemon process will be forked. For more on this, please refer to https://docs.gradle.org/9.6.1/userguide/gradle_daemon.html#sec:disabling_the_daemon in the Gradle documentation.
Daemon will be stopped at the end of the build 
Calculating task graph as no cached configuration is available for tasks: :app:assembleDebug

> Configure project :app
WARNING: Accessing value buildConfigFields in variant debug has no effect as the feature buildConfig is disabled.
WARNING: Accessing value buildConfigFields in variant release has no effect as the feature buildConfig is disabled.

> Task :core:keystore:preBuild UP-TO-DATE
> Task :app:preBuild UP-TO-DATE
> Task :core:audit:preBuild UP-TO-DATE
> Task :core:keystore:preDebugBuild UP-TO-DATE
> Task :core:audit:preDebugBuild UP-TO-DATE
> Task :app:preDebugBuild UP-TO-DATE
> Task :app:mergeDebugNativeDebugMetadata NO-SOURCE
> Task :core:audit:processDebugNavigationResources UP-TO-DATE
> Task :app:generateDebugResources UP-TO-DATE
> Task :core:session:preBuild UP-TO-DATE
> Task :core:tunnel:preBuild UP-TO-DATE
> Task :core:session:preDebugBuild UP-TO-DATE
> Task :core:tunnel:preDebugBuild UP-TO-DATE
> Task :app:processDebugGoogleServices UP-TO-DATE
> Task :core:keystore:processDebugNavigationResources UP-TO-DATE
> Task :core:session:processDebugNavigationResources UP-TO-DATE
> Task :core:audit:generateDebugResources UP-TO-DATE
> Task :core:keystore:generateDebugResources UP-TO-DATE
> Task :core:tunnel:processDebugNavigationResources UP-TO-DATE
> Task :app:packageDebugResources UP-TO-DATE
> Task :core:keystore:packageDebugResources UP-TO-DATE
> Task :core:audit:packageDebugResources UP-TO-DATE
> Task :core:keystore:javaPreCompileDebug UP-TO-DATE
> Task :core:audit:javaPreCompileDebug UP-TO-DATE
> Task :core:keystore:parseDebugLocalResources UP-TO-DATE
> Task :core:audit:parseDebugLocalResources UP-TO-DATE
> Task :core:session:generateDebugResources UP-TO-DATE
> Task :core:keystore:generateDebugRFile UP-TO-DATE
> Task :core:audit:generateDebugRFile UP-TO-DATE
> Task :core:session:javaPreCompileDebug UP-TO-DATE
> Task :core:tunnel:generateDebugResources UP-TO-DATE
> Task :core:session:packageDebugResources UP-TO-DATE
> Task :core:session:parseDebugLocalResources UP-TO-DATE
> Task :core:tunnel:packageDebugResources UP-TO-DATE
> Task :core:session:generateDebugRFile UP-TO-DATE
> Task :core:tunnel:javaPreCompileDebug UP-TO-DATE
> Task :app:javaPreCompileDebug UP-TO-DATE
> Task :app:generateDebugAssets UP-TO-DATE
> Task :core:audit:generateDebugAssets UP-TO-DATE
> Task :core:audit:mergeDebugAssets UP-TO-DATE
> Task :core:keystore:generateDebugAssets UP-TO-DATE
> Task :core:keystore:mergeDebugAssets UP-TO-DATE
> Task :core:session:generateDebugAssets UP-TO-DATE
> Task :core:session:mergeDebugAssets UP-TO-DATE
> Task :core:tunnel:generateDebugAssets UP-TO-DATE
> Task :core:tunnel:mergeDebugAssets UP-TO-DATE
> Task :core:tunnel:parseDebugLocalResources UP-TO-DATE
> Task :core:tunnel:generateDebugRFile UP-TO-DATE
> Task :core:keystore:compileDebugKotlin UP-TO-DATE
> Task :core:keystore:compileDebugJavaWithJavac NO-SOURCE
> Task :core:keystore:bundleLibCompileToJarDebug UP-TO-DATE
> Task :core:audit:compileDebugKotlin UP-TO-DATE
> Task :core:audit:compileDebugJavaWithJavac NO-SOURCE
> Task :core:audit:bundleLibCompileToJarDebug UP-TO-DATE
> Task :core:session:compileDebugKotlin UP-TO-DATE
> Task :core:session:compileDebugJavaWithJavac NO-SOURCE
> Task :core:session:bundleLibCompileToJarDebug UP-TO-DATE
> Task :core:tunnel:compileDebugKotlin UP-TO-DATE
> Task :core:tunnel:compileDebugJavaWithJavac NO-SOURCE
> Task :core:tunnel:bundleLibCompileToJarDebug UP-TO-DATE
> Task :app:kspDebugKotlin SKIPPED
> Task :core:audit:processDebugJavaRes UP-TO-DATE
> Task :core:keystore:processDebugJavaRes UP-TO-DATE
> Task :app:processDebugNavigationResources UP-TO-DATE
> Task :core:session:processDebugJavaRes UP-TO-DATE
> Task :app:parseDebugLocalResources UP-TO-DATE
> Task :core:tunnel:processDebugJavaRes UP-TO-DATE
> Task :app:generateDebugRFile UP-TO-DATE
> Task :app:desugarDebugFileDependencies
> Task :app:mergeDebugAssets
> Task :app:compressDebugAssets
> Task :core:tunnel:bundleLibRuntimeToDirDebug
> Task :core:session:bundleLibRuntimeToDirDebug
> Task :app:compileDebugKotlin UP-TO-DATE
> Task :app:compileDebugJavaWithJavac NO-SOURCE
> Task :app:processDebugJavaRes UP-TO-DATE
> Task :app:mergeDebugJavaResource
> Task :core:audit:bundleLibRuntimeToDirDebug
> Task :core:keystore:bundleLibRuntimeToDirDebug
> Task :core:audit:writeDebugAarMetadata UP-TO-DATE
> Task :core:keystore:writeDebugAarMetadata UP-TO-DATE
> Task :core:session:writeDebugAarMetadata UP-TO-DATE
> Task :core:tunnel:writeDebugAarMetadata UP-TO-DATE
> Task :app:checkDebugDuplicateClasses
> Task :app:checkDebugAarMetadata UP-TO-DATE
> Task :app:mapDebugSourceSetPaths UP-TO-DATE
> Task :app:compileDebugNavigationResources UP-TO-DATE
> Task :app:createDebugCompatibleScreenManifests UP-TO-DATE
> Task :app:extractDeepLinksDebug UP-TO-DATE
> Task :core:audit:extractDeepLinksDebug UP-TO-DATE
> Task :core:audit:processDebugManifest UP-TO-DATE
> Task :core:keystore:extractDeepLinksDebug UP-TO-DATE
> Task :core:keystore:processDebugManifest UP-TO-DATE
> Task :core:session:extractDeepLinksDebug UP-TO-DATE
> Task :core:session:processDebugManifest UP-TO-DATE
> Task :core:tunnel:extractDeepLinksDebug UP-TO-DATE
> Task :core:tunnel:processDebugManifest UP-TO-DATE
> Task :app:mergeDebugResources UP-TO-DATE
> Task :core:audit:mapDebugSourceSetPaths UP-TO-DATE
> Task :core:audit:compileDebugLibraryResources UP-TO-DATE
> Task :core:keystore:mapDebugSourceSetPaths UP-TO-DATE
> Task :core:keystore:compileDebugLibraryResources UP-TO-DATE
> Task :core:session:mapDebugSourceSetPaths UP-TO-DATE
> Task :core:session:compileDebugLibraryResources UP-TO-DATE
> Task :core:tunnel:mapDebugSourceSetPaths UP-TO-DATE
> Task :core:tunnel:compileDebugLibraryResources UP-TO-DATE
> Task :app:mergeDebugJniLibFolders
> Task :core:audit:mergeDebugJniLibFolders UP-TO-DATE
> Task :core:audit:mergeDebugNativeLibs NO-SOURCE
> Task :core:audit:copyDebugJniLibsProjectOnly
> Task :core:keystore:mergeDebugJniLibFolders UP-TO-DATE
> Task :core:keystore:mergeDebugNativeLibs NO-SOURCE
> Task :app:mergeLibDexDebug
> Task :core:keystore:copyDebugJniLibsProjectOnly
> Task :core:session:mergeDebugJniLibFolders UP-TO-DATE
> Task :core:session:mergeDebugNativeLibs NO-SOURCE
> Task :core:tunnel:mergeDebugJniLibFolders UP-TO-DATE
> Task :core:tunnel:mergeDebugNativeLibs NO-SOURCE
> Task :core:tunnel:copyDebugJniLibsProjectOnly
> Task :core:session:copyDebugJniLibsProjectOnly
> Task :app:mergeDebugNativeLibs
> Task :app:processDebugMainManifest UP-TO-DATE
> Task :app:processDebugManifest UP-TO-DATE
> Task :app:processDebugManifestForPackage UP-TO-DATE
> Task :app:stripDebugDebugSymbols
> Task :app:writeDebugAppMetadata
> Task :app:writeDebugSigningConfigVersions
> Task :app:validateSigningDebug
> Task :app:processDebugResources UP-TO-DATE
> Task :app:dexBuilderDebug
> Task :app:mergeProjectDexDebug
> Task :app:mergeExtDexDebug
> Task :app:packageDebug
> Task :app:assembleDebug
> Task :app:createDebugApkListingFileRedirect
gradle/actions: Writing build results to /home/runner/work/_temp/.gradle-actions/build-results/__run_7-1784109213592.json

[Incubating] Problems report is available at: file:///home/runner/work/abx-server/abx-server/build/reports/problems/problems-report.html

Deprecated Gradle features were used in this build, making it incompatible with Gradle 10.

You can use '--warning-mode all' to show the individual deprecation warnings and determine if they come from your own scripts or plugins.

For more on this, please refer to https://docs.gradle.org/9.6.1/userguide/command_line_interface.html#sec:command_line_warnings in the Gradle documentation.

BUILD SUCCESSFUL in 1m 7s
108 actionable tasks: 25 executed, 83 up-to-date
Configuration cache entry stored.

===== WARNING/ERROR SUMMARY =====
None found.
